Analysis & Synthesis report for p1
Mon Jun 06 14:14:31 2022
Quartus II 64-Bit Version 13.0.1 Build 232 06/12/2013 Service Pack 1 SJ Web Edition


---------------------
; Table of Contents ;
---------------------
  1. Legal Notice
  2. Analysis & Synthesis Summary
  3. Analysis & Synthesis Settings
  4. Parallel Compilation
  5. Analysis & Synthesis Source Files Read
  6. Analysis & Synthesis Resource Usage Summary
  7. Analysis & Synthesis Resource Utilization by Entity
  8. General Register Statistics
  9. Parameter Settings for User Entity Instance: Top-level Entity: |mips
 10. Parameter Settings for User Entity Instance: pc:pc_
 11. Port Connectivity Checks: "MUX_32_2:sltsel"
 12. Port Connectivity Checks: "MUX_5:regctr"
 13. Port Connectivity Checks: "ctr:ctr"
 14. Elapsed Time Per Partition
 15. Analysis & Synthesis Messages
 16. Analysis & Synthesis Suppressed Messages



----------------
; Legal Notice ;
----------------
Copyright (C) 1991-2013 Altera Corporation
Your use of Altera Corporation's design tools, logic functions 
and other software and tools, and its AMPP partner logic 
functions, and any output files from any of the foregoing 
(including device programming or simulation files), and any 
associated documentation or information are expressly subject 
to the terms and conditions of the Altera Program License 
Subscription Agreement, Altera MegaCore Function License 
Agreement, or other applicable license agreement, including, 
without limitation, that your use is for the sole purpose of 
programming logic devices manufactured by Altera and sold by 
Altera or its authorized distributors.  Please refer to the 
applicable agreement for further details.



+--------------------------------------------------------------------------------------+
; Analysis & Synthesis Summary                                                         ;
+------------------------------------+-------------------------------------------------+
; Analysis & Synthesis Status        ; Successful - Mon Jun 06 14:14:31 2022           ;
; Quartus II 64-Bit Version          ; 13.0.1 Build 232 06/12/2013 SP 1 SJ Web Edition ;
; Revision Name                      ; p1                                              ;
; Top-level Entity Name              ; mips                                            ;
; Family                             ; Cyclone III                                     ;
; Total logic elements               ; 0                                               ;
;     Total combinational functions  ; 0                                               ;
;     Dedicated logic registers      ; 0                                               ;
; Total registers                    ; 0                                               ;
; Total pins                         ; 2                                               ;
; Total virtual pins                 ; 0                                               ;
; Total memory bits                  ; 0                                               ;
; Embedded Multiplier 9-bit elements ; 0                                               ;
; Total PLLs                         ; 0                                               ;
+------------------------------------+-------------------------------------------------+


+----------------------------------------------------------------------------------------------------------------------+
; Analysis & Synthesis Settings                                                                                        ;
+----------------------------------------------------------------------------+--------------------+--------------------+
; Option                                                                     ; Setting            ; Default Value      ;
+----------------------------------------------------------------------------+--------------------+--------------------+
; Device                                                                     ; EP3C55F484C8       ;                    ;
; Top-level entity name                                                      ; mips               ; p1                 ;
; Family name                                                                ; Cyclone III        ; Cyclone IV GX      ;
; Use smart compilation                                                      ; Off                ; Off                ;
; Enable parallel Assembler and TimeQuest Timing Analyzer during compilation ; On                 ; On                 ;
; Enable compact report table                                                ; Off                ; Off                ;
; Restructure Multiplexers                                                   ; Auto               ; Auto               ;
; Create Debugging Nodes for IP Cores                                        ; Off                ; Off                ;
; Preserve fewer node names                                                  ; On                 ; On                 ;
; Disable OpenCore Plus hardware evaluation                                  ; Off                ; Off                ;
; Verilog Version                                                            ; Verilog_2001       ; Verilog_2001       ;
; VHDL Version                                                               ; VHDL_1993          ; VHDL_1993          ;
; State Machine Processing                                                   ; Auto               ; Auto               ;
; Safe State Machine                                                         ; Off                ; Off                ;
; Extract Verilog State Machines                                             ; On                 ; On                 ;
; Extract VHDL State Machines                                                ; On                 ; On                 ;
; Ignore Verilog initial constructs                                          ; Off                ; Off                ;
; Iteration limit for constant Verilog loops                                 ; 5000               ; 5000               ;
; Iteration limit for non-constant Verilog loops                             ; 250                ; 250                ;
; Add Pass-Through Logic to Inferred RAMs                                    ; On                 ; On                 ;
; Infer RAMs from Raw Logic                                                  ; On                 ; On                 ;
; Parallel Synthesis                                                         ; On                 ; On                 ;
; DSP Block Balancing                                                        ; Auto               ; Auto               ;
; NOT Gate Push-Back                                                         ; On                 ; On                 ;
; Power-Up Don't Care                                                        ; On                 ; On                 ;
; Remove Redundant Logic Cells                                               ; Off                ; Off                ;
; Remove Duplicate Registers                                                 ; On                 ; On                 ;
; Ignore CARRY Buffers                                                       ; Off                ; Off                ;
; Ignore CASCADE Buffers                                                     ; Off                ; Off                ;
; Ignore GLOBAL Buffers                                                      ; Off                ; Off                ;
; Ignore ROW GLOBAL Buffers                                                  ; Off                ; Off                ;
; Ignore LCELL Buffers                                                       ; Off                ; Off                ;
; Ignore SOFT Buffers                                                        ; On                 ; On                 ;
; Limit AHDL Integers to 32 Bits                                             ; Off                ; Off                ;
; Optimization Technique                                                     ; Balanced           ; Balanced           ;
; Carry Chain Length                                                         ; 70                 ; 70                 ;
; Auto Carry Chains                                                          ; On                 ; On                 ;
; Auto Open-Drain Pins                                                       ; On                 ; On                 ;
; Perform WYSIWYG Primitive Resynthesis                                      ; Off                ; Off                ;
; Auto ROM Replacement                                                       ; On                 ; On                 ;
; Auto RAM Replacement                                                       ; On                 ; On                 ;
; Auto DSP Block Replacement                                                 ; On                 ; On                 ;
; Auto Shift Register Replacement                                            ; Auto               ; Auto               ;
; Allow Shift Register Merging across Hierarchies                            ; Auto               ; Auto               ;
; Auto Clock Enable Replacement                                              ; On                 ; On                 ;
; Strict RAM Replacement                                                     ; Off                ; Off                ;
; Allow Synchronous Control Signals                                          ; On                 ; On                 ;
; Force Use of Synchronous Clear Signals                                     ; Off                ; Off                ;
; Auto RAM Block Balancing                                                   ; On                 ; On                 ;
; Auto RAM to Logic Cell Conversion                                          ; Off                ; Off                ;
; Auto Resource Sharing                                                      ; Off                ; Off                ;
; Allow Any RAM Size For Recognition                                         ; Off                ; Off                ;
; Allow Any ROM Size For Recognition                                         ; Off                ; Off                ;
; Allow Any Shift Register Size For Recognition                              ; Off                ; Off                ;
; Use LogicLock Constraints during Resource Balancing                        ; On                 ; On                 ;
; Ignore translate_off and synthesis_off directives                          ; Off                ; Off                ;
; Timing-Driven Synthesis                                                    ; On                 ; On                 ;
; Report Parameter Settings                                                  ; On                 ; On                 ;
; Report Source Assignments                                                  ; On                 ; On                 ;
; Report Connectivity Checks                                                 ; On                 ; On                 ;
; Ignore Maximum Fan-Out Assignments                                         ; Off                ; Off                ;
; Synchronization Register Chain Length                                      ; 2                  ; 2                  ;
; PowerPlay Power Optimization                                               ; Normal compilation ; Normal compilation ;
; HDL message level                                                          ; Level2             ; Level2             ;
; Suppress Register Optimization Related Messages                            ; Off                ; Off                ;
; Number of Removed Registers Reported in Synthesis Report                   ; 5000               ; 5000               ;
; Number of Swept Nodes Reported in Synthesis Report                         ; 5000               ; 5000               ;
; Number of Inverted Registers Reported in Synthesis Report                  ; 100                ; 100                ;
; Clock MUX Protection                                                       ; On                 ; On                 ;
; Auto Gated Clock Conversion                                                ; Off                ; Off                ;
; Block Design Naming                                                        ; Auto               ; Auto               ;
; SDC constraint protection                                                  ; Off                ; Off                ;
; Synthesis Effort                                                           ; Auto               ; Auto               ;
; Shift Register Replacement - Allow Asynchronous Clear Signal               ; On                 ; On                 ;
; Pre-Mapping Resynthesis Optimization                                       ; Off                ; Off                ;
; Analysis & Synthesis Message Level                                         ; Medium             ; Medium             ;
; Disable Register Merging Across Hierarchies                                ; Auto               ; Auto               ;
; Resource Aware Inference For Block RAM                                     ; On                 ; On                 ;
; Synthesis Seed                                                             ; 1                  ; 1                  ;
+----------------------------------------------------------------------------+--------------------+--------------------+


Parallel compilation was disabled, but you have multiple processors available. Enable parallel compilation to reduce compilation time.
+-------------------------------------+
; Parallel Compilation                ;
+----------------------------+--------+
; Processors                 ; Number ;
+----------------------------+--------+
; Number detected on machine ; 8      ;
; Maximum allowed            ; 1      ;
+----------------------------+--------+


+------------------------------------------------------------------------------------------------------------------------------------------------------+
; Analysis & Synthesis Source Files Read                                                                                                               ;
+------------------------------------------------+-----------------+------------------------+------------------------------------------------+---------+
; File Name with User-Entered Path               ; Used in Netlist ; File Type              ; File Name with Absolute Path                   ; Library ;
+------------------------------------------------+-----------------+------------------------+------------------------------------------------+---------+
; im.v                                           ; yes             ; User Verilog HDL File  ; D:/Desktop/p1_1.0/p1_1.0/im.v                  ;         ;
; pc.v                                           ; yes             ; User Verilog HDL File  ; D:/Desktop/p1_1.0/p1_1.0/pc.v                  ;         ;
; npc.v                                          ; yes             ; User Verilog HDL File  ; D:/Desktop/p1_1.0/p1_1.0/npc.v                 ;         ;
; MUX.v                                          ; yes             ; User Verilog HDL File  ; D:/Desktop/p1_1.0/p1_1.0/MUX.v                 ;         ;
; mips.v                                         ; yes             ; User Verilog HDL File  ; D:/Desktop/p1_1.0/p1_1.0/mips.v                ;         ;
; GPR.v                                          ; yes             ; User Verilog HDL File  ; D:/Desktop/p1_1.0/p1_1.0/GPR.v                 ;         ;
; EXT.v                                          ; yes             ; User Verilog HDL File  ; D:/Desktop/p1_1.0/p1_1.0/EXT.v                 ;         ;
; dm.v                                           ; yes             ; User Verilog HDL File  ; D:/Desktop/p1_1.0/p1_1.0/dm.v                  ;         ;
; ctr.v                                          ; yes             ; User Verilog HDL File  ; D:/Desktop/p1_1.0/p1_1.0/ctr.v                 ;         ;
; ALU.v                                          ; yes             ; User Verilog HDL File  ; D:/Desktop/p1_1.0/p1_1.0/ALU.v                 ;         ;
; c:/users/zzy/desktop/p1_1.0/p1_1.0/p1-test.txt ; yes             ; Auto-Found File        ; c:/users/zzy/desktop/p1_1.0/p1_1.0/p1-test.txt ;         ;
+------------------------------------------------+-----------------+------------------------+------------------------------------------------+---------+


+-----------------------------------------------------+
; Analysis & Synthesis Resource Usage Summary         ;
+---------------------------------------------+-------+
; Resource                                    ; Usage ;
+---------------------------------------------+-------+
;                                             ;       ;
; Total combinational functions               ; 0     ;
; Logic element usage by number of LUT inputs ;       ;
;     -- 4 input functions                    ; 0     ;
;     -- 3 input functions                    ; 0     ;
;     -- <=2 input functions                  ; 0     ;
;                                             ;       ;
; Logic elements by mode                      ;       ;
;     -- normal mode                          ; 0     ;
;     -- arithmetic mode                      ; 0     ;
;                                             ;       ;
; Total registers                             ; 0     ;
;     -- Dedicated logic registers            ; 0     ;
;     -- I/O registers                        ; 0     ;
;                                             ;       ;
; I/O pins                                    ; 2     ;
; Embedded Multiplier 9-bit elements          ; 0     ;
; Maximum fan-out node                        ; clk   ;
; Maximum fan-out                             ; 1     ;
; Total fan-out                               ; 2     ;
; Average fan-out                             ; 0.50  ;
+---------------------------------------------+-------+


+-----------------------------------------------------------------------------------------------------------------------------------------------------------------------------+
; Analysis & Synthesis Resource Utilization by Entity                                                                                                                         ;
+----------------------------+-------------------+--------------+-------------+--------------+---------+-----------+------+--------------+---------------------+--------------+
; Compilation Hierarchy Node ; LC Combinationals ; LC Registers ; Memory Bits ; DSP Elements ; DSP 9x9 ; DSP 18x18 ; Pins ; Virtual Pins ; Full Hierarchy Name ; Library Name ;
+----------------------------+-------------------+--------------+-------------+--------------+---------+-----------+------+--------------+---------------------+--------------+
; |mips                      ; 0 (0)             ; 0 (0)        ; 0           ; 0            ; 0       ; 0         ; 2    ; 0            ; |mips               ; work         ;
+----------------------------+-------------------+--------------+-------------+--------------+---------+-----------+------+--------------+---------------------+--------------+
Note: For table entries with two numbers listed, the numbers in parentheses indicate the number of resources of the given type used by the specific entity alone. The numbers listed outside of parentheses indicate the total resources of the given type used by the specific entity and all of its sub-entities in the hierarchy.


+------------------------------------------------------+
; General Register Statistics                          ;
+----------------------------------------------+-------+
; Statistic                                    ; Value ;
+----------------------------------------------+-------+
; Total registers                              ; 0     ;
; Number of registers using Synchronous Clear  ; 0     ;
; Number of registers using Synchronous Load   ; 0     ;
; Number of registers using Asynchronous Clear ; 0     ;
; Number of registers using Asynchronous Load  ; 0     ;
; Number of registers using Clock Enable       ; 0     ;
; Number of registers using Preset             ; 0     ;
+----------------------------------------------+-------+


+----------------------------------------------------------------------+
; Parameter Settings for User Entity Instance: Top-level Entity: |mips ;
+----------------+-------+---------------------------------------------+
; Parameter Name ; Value ; Type                                        ;
+----------------+-------+---------------------------------------------+
; jalreg         ; 11111 ; Unsigned Binary                             ;
; jrreg          ; 11110 ; Unsigned Binary                             ;
+----------------+-------+---------------------------------------------+
Note: In order to hide this table in the UI and the text report file, please set the "Show Parameter Settings in Synthesis Report" option in "Analysis and Synthesis Settings -> More Settings" to "Off".


+---------------------------------------------------------------------+
; Parameter Settings for User Entity Instance: pc:pc_                 ;
+----------------+----------------------------------+-----------------+
; Parameter Name ; Value                            ; Type            ;
+----------------+----------------------------------+-----------------+
; resetpc        ; 00000000000000000011000000000000 ; Unsigned Binary ;
+----------------+----------------------------------+-----------------+
Note: In order to hide this table in the UI and the text report file, please set the "Show Parameter Settings in Synthesis Report" option in "Analysis and Synthesis Settings -> More Settings" to "Off".


+------------------------------------------------+
; Port Connectivity Checks: "MUX_32_2:sltsel"    ;
+--------------+-------+----------+--------------+
; Port         ; Type  ; Severity ; Details      ;
+--------------+-------+----------+--------------+
; data2[31..1] ; Input ; Info     ; Stuck at GND ;
+--------------+-------+----------+--------------+


+-----------------------------------------------+
; Port Connectivity Checks: "MUX_5:regctr"      ;
+-------------+-------+----------+--------------+
; Port        ; Type  ; Severity ; Details      ;
+-------------+-------+----------+--------------+
; data3       ; Input ; Info     ; Stuck at VCC ;
; data4[4..1] ; Input ; Info     ; Stuck at VCC ;
; data4[0]    ; Input ; Info     ; Stuck at GND ;
+-------------+-------+----------+--------------+


+----------------------------------------------------------------------------------------------------------------+
; Port Connectivity Checks: "ctr:ctr"                                                                            ;
+------+--------+----------+-------------------------------------------------------------------------------------+
; Port ; Type   ; Severity ; Details                                                                             ;
+------+--------+----------+-------------------------------------------------------------------------------------+
; jal  ; Output ; Info     ; Connected to dangling logic. Logic that only feeds a dangling port will be removed. ;
+------+--------+----------+-------------------------------------------------------------------------------------+


+-------------------------------+
; Elapsed Time Per Partition    ;
+----------------+--------------+
; Partition Name ; Elapsed Time ;
+----------------+--------------+
; Top            ; 00:00:00     ;
+----------------+--------------+


+-------------------------------+
; Analysis & Synthesis Messages ;
+-------------------------------+
Info: *******************************************************************
Info: Running Quartus II 64-Bit Analysis & Synthesis
    Info: Version 13.0.1 Build 232 06/12/2013 Service Pack 1 SJ Web Edition
    Info: Processing started: Mon Jun 06 14:14:25 2022
Info: Command: quartus_map --read_settings_files=on --write_settings_files=off p1 -c p1
Warning (20028): Parallel compilation is not licensed and has been disabled
Info (12021): Found 1 design units, including 1 entities, in source file im.v
    Info (12023): Found entity 1: im
Info (12021): Found 1 design units, including 1 entities, in source file testp1.v
    Info (12023): Found entity 1: testp1
Info (12021): Found 1 design units, including 1 entities, in source file pc.v
    Info (12023): Found entity 1: pc
Info (12021): Found 1 design units, including 1 entities, in source file npc.v
    Info (12023): Found entity 1: npc
Info (12021): Found 3 design units, including 3 entities, in source file mux.v
    Info (12023): Found entity 1: MUX_32_2
    Info (12023): Found entity 2: MUX_5
    Info (12023): Found entity 3: MUX_32_3
Info (12021): Found 1 design units, including 1 entities, in source file mips.v
    Info (12023): Found entity 1: mips
Info (12021): Found 1 design units, including 1 entities, in source file gpr.v
    Info (12023): Found entity 1: GPR
Info (12021): Found 1 design units, including 1 entities, in source file ext.v
    Info (12023): Found entity 1: EXT
Info (12021): Found 1 design units, including 1 entities, in source file dm.v
    Info (12023): Found entity 1: dm_1k
Info (12021): Found 1 design units, including 1 entities, in source file ctr.v
    Info (12023): Found entity 1: ctr
Info (12021): Found 1 design units, including 1 entities, in source file alu.v
    Info (12023): Found entity 1: ALU
Info (12127): Elaborating entity "mips" for the top level hierarchy
Info (12128): Elaborating entity "im" for hierarchy "im:im"
Warning (10850): Verilog HDL warning at im.v(6): number of words (216) in memory file does not match the number of elements in the address range [0:1023]
Warning (10855): Verilog HDL warning at im.v(5): initial value for variable im should be constant
Warning (10030): Net "im" at im.v(4) has no driver or initial value, using a default initial value '0'
Info (12128): Elaborating entity "pc" for hierarchy "pc:pc_"
Info (12128): Elaborating entity "GPR" for hierarchy "GPR:Gpr_"
Info (12128): Elaborating entity "EXT" for hierarchy "EXT:extender"
Info (12128): Elaborating entity "dm_1k" for hierarchy "dm_1k:dm"
Info (12128): Elaborating entity "npc" for hierarchy "npc:nextpc"
Warning (10235): Verilog HDL Always Construct warning at npc.v(15): variable "pcadd4" is read inside the Always Construct but isn't in the Always Construct's Event Control
Warning (10235): Verilog HDL Always Construct warning at npc.v(18): variable "pcadd4" is read inside the Always Construct but isn't in the Always Construct's Event Control
Warning (10235): Verilog HDL Always Construct warning at npc.v(18): variable "beqaddr" is read inside the Always Construct but isn't in the Always Construct's Event Control
Warning (10235): Verilog HDL Always Construct warning at npc.v(19): variable "pcadd4" is read inside the Always Construct but isn't in the Always Construct's Event Control
Warning (10235): Verilog HDL Always Construct warning at npc.v(21): variable "pcadd4" is read inside the Always Construct but isn't in the Always Construct's Event Control
Warning (10235): Verilog HDL Always Construct warning at npc.v(21): variable "Ins" is read inside the Always Construct but isn't in the Always Construct's Event Control
Warning (10235): Verilog HDL Always Construct warning at npc.v(22): variable "JRaddr" is read inside the Always Construct but isn't in the Always Construct's Event Control
Info (12128): Elaborating entity "ctr" for hierarchy "ctr:ctr"
Info (12128): Elaborating entity "ALU" for hierarchy "ALU:alu_"
Warning (10235): Verilog HDL Always Construct warning at ALU.v(15): variable "addi" is read inside the Always Construct but isn't in the Always Construct's Event Control
Warning (10240): Verilog HDL Always Construct warning at ALU.v(9): inferring latch(es) for variable "OF", which holds its previous value in one or more paths through the always construct
Info (10041): Inferred latch for "OF" at ALU.v(9)
Info (12128): Elaborating entity "MUX_32_3" for hierarchy "MUX_32_3:Memsel"
Warning (10270): Verilog HDL Case Statement warning at MUX.v(38): incomplete case statement has no default case item
Warning (10240): Verilog HDL Always Construct warning at MUX.v(37): inferring latch(es) for variable "result_32_3", which holds its previous value in one or more paths through the always construct
Info (10041): Inferred latch for "result_32_3[0]" at MUX.v(37)
Info (10041): Inferred latch for "result_32_3[1]" at MUX.v(37)
Info (10041): Inferred latch for "result_32_3[2]" at MUX.v(37)
Info (10041): Inferred latch for "result_32_3[3]" at MUX.v(37)
Info (10041): Inferred latch for "result_32_3[4]" at MUX.v(37)
Info (10041): Inferred latch for "result_32_3[5]" at MUX.v(37)
Info (10041): Inferred latch for "result_32_3[6]" at MUX.v(37)
Info (10041): Inferred latch for "result_32_3[7]" at MUX.v(37)
Info (10041): Inferred latch for "result_32_3[8]" at MUX.v(37)
Info (10041): Inferred latch for "result_32_3[9]" at MUX.v(37)
Info (10041): Inferred latch for "result_32_3[10]" at MUX.v(37)
Info (10041): Inferred latch for "result_32_3[11]" at MUX.v(37)
Info (10041): Inferred latch for "result_32_3[12]" at MUX.v(37)
Info (10041): Inferred latch for "result_32_3[13]" at MUX.v(37)
Info (10041): Inferred latch for "result_32_3[14]" at MUX.v(37)
Info (10041): Inferred latch for "result_32_3[15]" at MUX.v(37)
Info (10041): Inferred latch for "result_32_3[16]" at MUX.v(37)
Info (10041): Inferred latch for "result_32_3[17]" at MUX.v(37)
Info (10041): Inferred latch for "result_32_3[18]" at MUX.v(37)
Info (10041): Inferred latch for "result_32_3[19]" at MUX.v(37)
Info (10041): Inferred latch for "result_32_3[20]" at MUX.v(37)
Info (10041): Inferred latch for "result_32_3[21]" at MUX.v(37)
Info (10041): Inferred latch for "result_32_3[22]" at MUX.v(37)
Info (10041): Inferred latch for "result_32_3[23]" at MUX.v(37)
Info (10041): Inferred latch for "result_32_3[24]" at MUX.v(37)
Info (10041): Inferred latch for "result_32_3[25]" at MUX.v(37)
Info (10041): Inferred latch for "result_32_3[26]" at MUX.v(37)
Info (10041): Inferred latch for "result_32_3[27]" at MUX.v(37)
Info (10041): Inferred latch for "result_32_3[28]" at MUX.v(37)
Info (10041): Inferred latch for "result_32_3[29]" at MUX.v(37)
Info (10041): Inferred latch for "result_32_3[30]" at MUX.v(37)
Info (10041): Inferred latch for "result_32_3[31]" at MUX.v(37)
Info (12128): Elaborating entity "MUX_5" for hierarchy "MUX_5:regctr"
Info (12128): Elaborating entity "MUX_32_2" for hierarchy "MUX_32_2:sltsel"
Info (144001): Generated suppressed messages file D:/Desktop/p1_1.0/p1_1.0/output_files/p1.map.smsg
Info (16010): Generating hard_block partition "hard_block:auto_generated_inst"
    Info (16011): Adding 0 node(s), including 0 DDIO, 0 PLL, 0 transceiver and 0 LCELL
Warning (21074): Design contains 2 input pin(s) that do not drive logic
    Warning (15610): No output dependent on input pin "clk"
    Warning (15610): No output dependent on input pin "rst"
Info (21057): Implemented 2 device resources after synthesis - the final resource count might be different
    Info (21058): Implemented 2 input pins
    Info (21059): Implemented 0 output pins
Info: Quartus II 64-Bit Analysis & Synthesis was successful. 0 errors, 18 warnings
    Info: Peak virtual memory: 4626 megabytes
    Info: Processing ended: Mon Jun 06 14:14:31 2022
    Info: Elapsed time: 00:00:06
    Info: Total CPU time (on all processors): 00:00:05


+------------------------------------------+
; Analysis & Synthesis Suppressed Messages ;
+------------------------------------------+
The suppressed messages can be found in D:/Desktop/p1_1.0/p1_1.0/output_files/p1.map.smsg.


