Analysis & Synthesis report for project2
Thu Jun 23 17:12:30 2022
Quartus II 64-Bit Version 13.0.1 Build 232 06/12/2013 Service Pack 1 SJ Web Edition


---------------------
; Table of Contents ;
---------------------
  1. Legal Notice
  2. Analysis & Synthesis Summary
  3. Analysis & Synthesis Settings
  4. Parallel Compilation
  5. Analysis & Synthesis Messages



----------------
; Legal Notice ;
----------------
Copyright (C) 1991-2013 Altera Corporation
Your use of Altera Corporation's design tools, logic functions 
and other software and tools, and its AMPP partner logic 
functions, and any output files from any of the foregoing 
(including device programming or simulation files), and any 
associated documentation or information are expressly subject 
to the terms and conditions of the Altera Program License 
Subscription Agreement, Altera MegaCore Function License 
Agreement, or other applicable license agreement, including, 
without limitation, that your use is for the sole purpose of 
programming logic devices manufactured by Altera and sold by 
Altera or its authorized distributors.  Please refer to the 
applicable agreement for further details.



+--------------------------------------------------------------------------------------+
; Analysis & Synthesis Summary                                                         ;
+------------------------------------+-------------------------------------------------+
; Analysis & Synthesis Status        ; Failed - Thu Jun 23 17:12:30 2022               ;
; Quartus II 64-Bit Version          ; 13.0.1 Build 232 06/12/2013 SP 1 SJ Web Edition ;
; Revision Name                      ; project2                                        ;
; Top-level Entity Name              ; ir                                              ;
; Family                             ; Cyclone III                                     ;
; Total logic elements               ; N/A until Partition Merge                       ;
;     Total combinational functions  ; N/A until Partition Merge                       ;
;     Dedicated logic registers      ; N/A until Partition Merge                       ;
; Total registers                    ; N/A until Partition Merge                       ;
; Total pins                         ; N/A until Partition Merge                       ;
; Total virtual pins                 ; N/A until Partition Merge                       ;
; Total memory bits                  ; N/A until Partition Merge                       ;
; Embedded Multiplier 9-bit elements ; N/A until Partition Merge                       ;
; Total PLLs                         ; N/A until Partition Merge                       ;
+------------------------------------+-------------------------------------------------+


+----------------------------------------------------------------------------------------------------------------------+
; Analysis & Synthesis Settings                                                                                        ;
+----------------------------------------------------------------------------+--------------------+--------------------+
; Option                                                                     ; Setting            ; Default Value      ;
+----------------------------------------------------------------------------+--------------------+--------------------+
; Device                                                                     ; EP3C55F484C8       ;                    ;
; Top-level entity name                                                      ; ir                 ; project2           ;
; Family name                                                                ; Cyclone III        ; Cyclone IV GX      ;
; Use smart compilation                                                      ; Off                ; Off                ;
; Enable parallel Assembler and TimeQuest Timing Analyzer during compilation ; On                 ; On                 ;
; Enable compact report table                                                ; Off                ; Off                ;
; Restructure Multiplexers                                                   ; Auto               ; Auto               ;
; Create Debugging Nodes for IP Cores                                        ; Off                ; Off                ;
; Preserve fewer node names                                                  ; On                 ; On                 ;
; Disable OpenCore Plus hardware evaluation                                  ; Off                ; Off                ;
; Verilog Version                                                            ; Verilog_2001       ; Verilog_2001       ;
; VHDL Version                                                               ; VHDL_1993          ; VHDL_1993          ;
; State Machine Processing                                                   ; Auto               ; Auto               ;
; Safe State Machine                                                         ; Off                ; Off                ;
; Extract Verilog State Machines                                             ; On                 ; On                 ;
; Extract VHDL State Machines                                                ; On                 ; On                 ;
; Ignore Verilog initial constructs                                          ; Off                ; Off                ;
; Iteration limit for constant Verilog loops                                 ; 5000               ; 5000               ;
; Iteration limit for non-constant Verilog loops                             ; 250                ; 250                ;
; Add Pass-Through Logic to Inferred RAMs                                    ; On                 ; On                 ;
; Infer RAMs from Raw Logic                                                  ; On                 ; On                 ;
; Parallel Synthesis                                                         ; On                 ; On                 ;
; DSP Block Balancing                                                        ; Auto               ; Auto               ;
; NOT Gate Push-Back                                                         ; On                 ; On                 ;
; Power-Up Don't Care                                                        ; On                 ; On                 ;
; Remove Redundant Logic Cells                                               ; Off                ; Off                ;
; Remove Duplicate Registers                                                 ; On                 ; On                 ;
; Ignore CARRY Buffers                                                       ; Off                ; Off                ;
; Ignore CASCADE Buffers                                                     ; Off                ; Off                ;
; Ignore GLOBAL Buffers                                                      ; Off                ; Off                ;
; Ignore ROW GLOBAL Buffers                                                  ; Off                ; Off                ;
; Ignore LCELL Buffers                                                       ; Off                ; Off                ;
; Ignore SOFT Buffers                                                        ; On                 ; On                 ;
; Limit AHDL Integers to 32 Bits                                             ; Off                ; Off                ;
; Optimization Technique                                                     ; Balanced           ; Balanced           ;
; Carry Chain Length                                                         ; 70                 ; 70                 ;
; Auto Carry Chains                                                          ; On                 ; On                 ;
; Auto Open-Drain Pins                                                       ; On                 ; On                 ;
; Perform WYSIWYG Primitive Resynthesis                                      ; Off                ; Off                ;
; Auto ROM Replacement                                                       ; On                 ; On                 ;
; Auto RAM Replacement                                                       ; On                 ; On                 ;
; Auto DSP Block Replacement                                                 ; On                 ; On                 ;
; Auto Shift Register Replacement                                            ; Auto               ; Auto               ;
; Allow Shift Register Merging across Hierarchies                            ; Auto               ; Auto               ;
; Auto Clock Enable Replacement                                              ; On                 ; On                 ;
; Strict RAM Replacement                                                     ; Off                ; Off                ;
; Allow Synchronous Control Signals                                          ; On                 ; On                 ;
; Force Use of Synchronous Clear Signals                                     ; Off                ; Off                ;
; Auto RAM Block Balancing                                                   ; On                 ; On                 ;
; Auto RAM to Logic Cell Conversion                                          ; Off                ; Off                ;
; Auto Resource Sharing                                                      ; Off                ; Off                ;
; Allow Any RAM Size For Recognition                                         ; Off                ; Off                ;
; Allow Any ROM Size For Recognition                                         ; Off                ; Off                ;
; Allow Any Shift Register Size For Recognition                              ; Off                ; Off                ;
; Use LogicLock Constraints during Resource Balancing                        ; On                 ; On                 ;
; Ignore translate_off and synthesis_off directives                          ; Off                ; Off                ;
; Timing-Driven Synthesis                                                    ; On                 ; On                 ;
; Report Parameter Settings                                                  ; On                 ; On                 ;
; Report Source Assignments                                                  ; On                 ; On                 ;
; Report Connectivity Checks                                                 ; On                 ; On                 ;
; Ignore Maximum Fan-Out Assignments                                         ; Off                ; Off                ;
; Synchronization Register Chain Length                                      ; 2                  ; 2                  ;
; PowerPlay Power Optimization                                               ; Normal compilation ; Normal compilation ;
; HDL message level                                                          ; Level2             ; Level2             ;
; Suppress Register Optimization Related Messages                            ; Off                ; Off                ;
; Number of Removed Registers Reported in Synthesis Report                   ; 5000               ; 5000               ;
; Number of Swept Nodes Reported in Synthesis Report                         ; 5000               ; 5000               ;
; Number of Inverted Registers Reported in Synthesis Report                  ; 100                ; 100                ;
; Clock MUX Protection                                                       ; On                 ; On                 ;
; Auto Gated Clock Conversion                                                ; Off                ; Off                ;
; Block Design Naming                                                        ; Auto               ; Auto               ;
; SDC constraint protection                                                  ; Off                ; Off                ;
; Synthesis Effort                                                           ; Auto               ; Auto               ;
; Shift Register Replacement - Allow Asynchronous Clear Signal               ; On                 ; On                 ;
; Pre-Mapping Resynthesis Optimization                                       ; Off                ; Off                ;
; Analysis & Synthesis Message Level                                         ; Medium             ; Medium             ;
; Disable Register Merging Across Hierarchies                                ; Auto               ; Auto               ;
; Resource Aware Inference For Block RAM                                     ; On                 ; On                 ;
; Synthesis Seed                                                             ; 1                  ; 1                  ;
+----------------------------------------------------------------------------+--------------------+--------------------+


Parallel compilation was disabled, but you have multiple processors available. Enable parallel compilation to reduce compilation time.
+-------------------------------------+
; Parallel Compilation                ;
+----------------------------+--------+
; Processors                 ; Number ;
+----------------------------+--------+
; Number detected on machine ; 8      ;
; Maximum allowed            ; 1      ;
+----------------------------+--------+


+-------------------------------+
; Analysis & Synthesis Messages ;
+-------------------------------+
Info: *******************************************************************
Info: Running Quartus II 64-Bit Analysis & Synthesis
    Info: Version 13.0.1 Build 232 06/12/2013 Service Pack 1 SJ Web Edition
    Info: Processing started: Thu Jun 23 17:12:29 2022
Info: Command: quartus_map --read_settings_files=on --write_settings_files=off project2 -c project2
Warning (20028): Parallel compilation is not licensed and has been disabled
Info (12021): Found 1 design units, including 1 entities, in source file test.v
    Info (12023): Found entity 1: test
Info (12021): Found 1 design units, including 1 entities, in source file tc.v
    Info (12023): Found entity 1: TC
Info (12021): Found 1 design units, including 1 entities, in source file register.v
    Info (12023): Found entity 1: A
Info (12021): Found 1 design units, including 1 entities, in source file pc.v
    Info (12023): Found entity 1: pc
Info (12021): Found 1 design units, including 1 entities, in source file npc.v
    Info (12023): Found entity 1: npc
Info (12021): Found 1 design units, including 1 entities, in source file mips.v
    Info (12023): Found entity 1: mips
Info (12021): Found 1 design units, including 1 entities, in source file machine.v
    Info (12023): Found entity 1: mach
Info (12021): Found 1 design units, including 1 entities, in source file ir.v
    Info (12023): Found entity 1: ir
Info (12021): Found 1 design units, including 1 entities, in source file im.v
    Info (12023): Found entity 1: IM
Info (12021): Found 1 design units, including 1 entities, in source file gpr.v
    Info (12023): Found entity 1: GPR
Info (12021): Found 1 design units, including 1 entities, in source file ext.v
    Info (12023): Found entity 1: EXT
Info (12021): Found 1 design units, including 1 entities, in source file dm.v
    Info (12023): Found entity 1: dm
Info (12021): Found 1 design units, including 1 entities, in source file devout.v
    Info (12023): Found entity 1: devout
Info (12021): Found 1 design units, including 1 entities, in source file devin.v
    Info (12023): Found entity 1: devin
Info (12021): Found 1 design units, including 1 entities, in source file ctr.v
    Info (12023): Found entity 1: cu
Info (12021): Found 1 design units, including 1 entities, in source file cp0.v
    Info (12023): Found entity 1: cp0
Info (12021): Found 1 design units, including 1 entities, in source file bridge.v
    Info (12023): Found entity 1: bridge
Info (12021): Found 1 design units, including 1 entities, in source file alu.v
    Info (12023): Found entity 1: ALU
Warning (10236): Verilog HDL Implicit Net warning at mips.v(24): created implicit net for "irwr"
Warning (10236): Verilog HDL Implicit Net warning at mips.v(25): created implicit net for "extop"
Warning (10236): Verilog HDL Implicit Net warning at mips.v(26): created implicit net for "zero"
Warning (10236): Verilog HDL Implicit Net warning at mips.v(26): created implicit net for "overflow"
Warning (10236): Verilog HDL Implicit Net warning at mips.v(26): created implicit net for "addi"
Warning (10236): Verilog HDL Implicit Net warning at mips.v(30): created implicit net for "regwr"
Warning (10236): Verilog HDL Implicit Net warning at mips.v(33): created implicit net for "pcwr"
Warning (10236): Verilog HDL Implicit Net warning at mips.v(36): created implicit net for "lb"
Warning (10236): Verilog HDL Implicit Net warning at mips.v(36): created implicit net for "sb"
Warning (10236): Verilog HDL Implicit Net warning at mips.v(36): created implicit net for "alusrc"
Warning (10236): Verilog HDL Implicit Net warning at ctr.v(16): created implicit net for "rtype"
Warning (10236): Verilog HDL Implicit Net warning at ctr.v(17): created implicit net for "addu"
Warning (10236): Verilog HDL Implicit Net warning at ctr.v(18): created implicit net for "subu"
Warning (10236): Verilog HDL Implicit Net warning at ctr.v(19): created implicit net for "slt"
Warning (10236): Verilog HDL Implicit Net warning at ctr.v(20): created implicit net for "ori"
Warning (10236): Verilog HDL Implicit Net warning at ctr.v(21): created implicit net for "lw"
Warning (10236): Verilog HDL Implicit Net warning at ctr.v(22): created implicit net for "sw"
Warning (10236): Verilog HDL Implicit Net warning at ctr.v(23): created implicit net for "beq"
Warning (10236): Verilog HDL Implicit Net warning at ctr.v(24): created implicit net for "j"
Warning (10236): Verilog HDL Implicit Net warning at ctr.v(25): created implicit net for "lui"
Warning (10236): Verilog HDL Implicit Net warning at ctr.v(26): created implicit net for "addiu"
Warning (10236): Verilog HDL Implicit Net warning at ctr.v(27): created implicit net for "addi"
Warning (10236): Verilog HDL Implicit Net warning at ctr.v(29): created implicit net for "jr"
Warning (10236): Verilog HDL Implicit Net warning at ctr.v(30): created implicit net for "jal"
Warning (10236): Verilog HDL Implicit Net warning at ctr.v(31): created implicit net for "mtc0"
Warning (10236): Verilog HDL Implicit Net warning at ctr.v(32): created implicit net for "eret"
Warning (10236): Verilog HDL Implicit Net warning at ctr.v(33): created implicit net for "mfc0"
Info (12127): Elaborating entity "ir" for the top level hierarchy
Warning (10136): Verilog HDL Module Declaration warning at ir.v(1): port "IRWr" already exists in the list of ports
Error (10028): Can't resolve multiple constant drivers for net "IRWr" at ir.v(2) File: D:/Desktop/project2/ir.v Line: 2
Error (12153): Can't elaborate top-level user hierarchy
Error: Quartus II 64-Bit Analysis & Synthesis was unsuccessful. 2 errors, 29 warnings
    Error: Peak virtual memory: 4566 megabytes
    Error: Processing ended: Thu Jun 23 17:12:30 2022
    Error: Elapsed time: 00:00:01
    Error: Total CPU time (on all processors): 00:00:01


